  [4;36;1mSQL (0.3ms)[0m   [0;1m SELECT name
 FROM sqlite_master
 WHERE type = 'table' AND NOT name = 'sqlite_sequence'
[0m
  [4;35;1mSQL (0.1ms)[0m   [0mselect sqlite_version(*)[0m
  [4;36;1mSQL (132.7ms)[0m   [0;1mCREATE TABLE "schema_migrations" ("version" varchar(255) NOT NULL) [0m
  [4;35;1mSQL (0.1ms)[0m   [0mPRAGMA index_list("schema_migrations")[0m
  [4;36;1mSQL (133.8ms)[0m   [0;1mCREATE UNIQUE INDEX "unique_schema_migrations" ON "schema_migrations" ("version")[0m
  [4;35;1mSQL (0.4ms)[0m   [0m SELECT name
 FROM sqlite_master
 WHERE type = 'table' AND NOT name = 'sqlite_sequence'
[0m
  [4;36;1mSQL (0.2ms)[0m   [0;1mSELECT version FROM schema_migrations[0m
Migrating to CreateMymovies (20160517151503)
  [4;35;1mSQL (1.0ms)[0m   [0mCREATE TABLE "mymovies" ("id" INTEGER PRIMARY KEY AUTOINCREMENT NOT NULL, "Title" varchar(255), "Rating" integer, "created_at" datetime, "updated_at" datetime) [0m
  [4;36;1mSQL (0.2ms)[0m   [0;1mINSERT INTO schema_migrations (version) VALUES ('20160517151503')[0m
  [4;35;1mSQL (0.4ms)[0m   [0m SELECT name
 FROM sqlite_master
 WHERE type = 'table' AND NOT name = 'sqlite_sequence'
[0m
  [4;36;1mSQL (0.3ms)[0m   [0;1mSELECT version FROM schema_migrations[0m
  [4;35;1mSQL (0.3ms)[0m   [0m SELECT name
 FROM sqlite_master
 WHERE type = 'table' AND NOT name = 'sqlite_sequence'
[0m
  [4;36;1mSQL (0.1ms)[0m   [0;1mPRAGMA index_list("mymovies")[0m


Processing Rails::InfoController#properties (for 127.0.0.1 at 2016-05-17 20:45:36) [GET]
  [4;36;1mSQL (0.4ms)[0m   [0;1m SELECT name
 FROM sqlite_master
 WHERE type = 'table' AND NOT name = 'sqlite_sequence'
[0m
  [4;35;1mSQL (0.1ms)[0m   [0mSELECT version FROM schema_migrations[0m
Completed in 250ms (View: 43, DB: 1) | 200 OK [http://localhost/rails/info/properties]


Processing ApplicationController#index (for 127.0.0.1 at 2016-05-17 20:45:45) [GET]

ActionController::RoutingError (No route matches "/Mymovie" with {:method=>:get}):
  /usr/lib/ruby/vendor_ruby/action_controller/routing/recognition_optimisation.rb:66:in `recognize_path'
  /usr/lib/ruby/vendor_ruby/action_controller/routing/route_set.rb:442:in `recognize'
  /usr/lib/ruby/vendor_ruby/action_controller/routing/route_set.rb:437:in `call'
  /usr/lib/ruby/vendor_ruby/action_controller/dispatcher.rb:87:in `dispatch'
  /usr/lib/ruby/vendor_ruby/action_controller/dispatcher.rb:121:in `_call'
  /usr/lib/ruby/vendor_ruby/action_controller/dispatcher.rb:130:in `build_middleware_stack'
  /usr/lib/ruby/vendor_ruby/active_record/query_cache.rb:29:in `call'
  /usr/lib/ruby/vendor_ruby/active_record/query_cache.rb:29:in `call'
  /usr/lib/ruby/vendor_ruby/active_record/connection_adapters/abstract/query_cache.rb:34:in `cache'
  /usr/lib/ruby/vendor_ruby/active_record/query_cache.rb:9:in `cache'
  /usr/lib/ruby/vendor_ruby/active_record/query_cache.rb:28:in `call'
  /usr/lib/ruby/vendor_ruby/active_record/connection_adapters/abstract/connection_pool.rb:361:in `call'
  /usr/lib/ruby/vendor_ruby/action_controller/string_coercion.rb:25:in `call'
  /usr/lib/ruby/vendor_ruby/rack/head.rb:9:in `call'
  /usr/lib/ruby/vendor_ruby/rack/methodoverride.rb:24:in `call'
  /usr/lib/ruby/vendor_ruby/action_controller/params_parser.rb:15:in `call'
  /usr/lib/ruby/vendor_ruby/action_controller/session/cookie_store.rb:99:in `call'
  /usr/lib/ruby/vendor_ruby/action_controller/failsafe.rb:26:in `call'
  /usr/lib/ruby/vendor_ruby/rack/lock.rb:15:in `call'
  /usr/lib/ruby/vendor_ruby/action_controller/dispatcher.rb:114:in `call'
  /usr/lib/ruby/vendor_ruby/action_controller/reloader.rb:34:in `run'
  /usr/lib/ruby/vendor_ruby/action_controller/dispatcher.rb:108:in `call'
  /usr/lib/ruby/vendor_ruby/rails/rack/static.rb:31:in `call'
  /usr/lib/ruby/vendor_ruby/rack/urlmap.rb:52:in `call'
  /usr/lib/ruby/vendor_ruby/rack/urlmap.rb:46:in `each'
  /usr/lib/ruby/vendor_ruby/rack/urlmap.rb:46:in `call'
  /usr/lib/ruby/vendor_ruby/rails/rack/log_tailer.rb:17:in `call'
  /usr/lib/ruby/vendor_ruby/rack/handler/webrick.rb:59:in `service'
  /usr/lib/ruby/1.8/webrick/httpserver.rb:104:in `service'
  /usr/lib/ruby/1.8/webrick/httpserver.rb:65:in `run'
  /usr/lib/ruby/1.8/webrick/server.rb:173:in `start_thread'
  /usr/lib/ruby/1.8/webrick/server.rb:162:in `start'
  /usr/lib/ruby/1.8/webrick/server.rb:162:in `start_thread'
  /usr/lib/ruby/1.8/webrick/server.rb:95:in `start'
  /usr/lib/ruby/1.8/webrick/server.rb:92:in `each'
  /usr/lib/ruby/1.8/webrick/server.rb:92:in `start'
  /usr/lib/ruby/1.8/webrick/server.rb:23:in `start'
  /usr/lib/ruby/1.8/webrick/server.rb:82:in `start'
  /usr/lib/ruby/vendor_ruby/rack/handler/webrick.rb:13:in `run'

Rendering rescues/layout (not_found)


Processing ApplicationController#index (for 127.0.0.1 at 2016-05-17 20:46:14) [GET]

ActionController::RoutingError (No route matches "/movies" with {:method=>:get}):
  /usr/lib/ruby/vendor_ruby/action_controller/routing/recognition_optimisation.rb:66:in `recognize_path'
  /usr/lib/ruby/vendor_ruby/action_controller/routing/route_set.rb:442:in `recognize'
  /usr/lib/ruby/vendor_ruby/action_controller/routing/route_set.rb:437:in `call'
  /usr/lib/ruby/vendor_ruby/action_controller/dispatcher.rb:87:in `dispatch'
  /usr/lib/ruby/vendor_ruby/action_controller/dispatcher.rb:121:in `_call'
  /usr/lib/ruby/vendor_ruby/action_controller/dispatcher.rb:130:in `build_middleware_stack'
  /usr/lib/ruby/vendor_ruby/active_record/query_cache.rb:29:in `call'
  /usr/lib/ruby/vendor_ruby/active_record/query_cache.rb:29:in `call'
  /usr/lib/ruby/vendor_ruby/active_record/connection_adapters/abstract/query_cache.rb:34:in `cache'
  /usr/lib/ruby/vendor_ruby/active_record/query_cache.rb:9:in `cache'
  /usr/lib/ruby/vendor_ruby/active_record/query_cache.rb:28:in `call'
  /usr/lib/ruby/vendor_ruby/active_record/connection_adapters/abstract/connection_pool.rb:361:in `call'
  /usr/lib/ruby/vendor_ruby/action_controller/string_coercion.rb:25:in `call'
  /usr/lib/ruby/vendor_ruby/rack/head.rb:9:in `call'
  /usr/lib/ruby/vendor_ruby/rack/methodoverride.rb:24:in `call'
  /usr/lib/ruby/vendor_ruby/action_controller/params_parser.rb:15:in `call'
  /usr/lib/ruby/vendor_ruby/action_controller/session/cookie_store.rb:99:in `call'
  /usr/lib/ruby/vendor_ruby/action_controller/failsafe.rb:26:in `call'
  /usr/lib/ruby/vendor_ruby/rack/lock.rb:15:in `call'
  /usr/lib/ruby/vendor_ruby/action_controller/dispatcher.rb:114:in `call'
  /usr/lib/ruby/vendor_ruby/action_controller/reloader.rb:34:in `run'
  /usr/lib/ruby/vendor_ruby/action_controller/dispatcher.rb:108:in `call'
  /usr/lib/ruby/vendor_ruby/rails/rack/static.rb:31:in `call'
  /usr/lib/ruby/vendor_ruby/rack/urlmap.rb:52:in `call'
  /usr/lib/ruby/vendor_ruby/rack/urlmap.rb:46:in `each'
  /usr/lib/ruby/vendor_ruby/rack/urlmap.rb:46:in `call'
  /usr/lib/ruby/vendor_ruby/rails/rack/log_tailer.rb:17:in `call'
  /usr/lib/ruby/vendor_ruby/rack/handler/webrick.rb:59:in `service'
  /usr/lib/ruby/1.8/webrick/httpserver.rb:104:in `service'
  /usr/lib/ruby/1.8/webrick/httpserver.rb:65:in `run'
  /usr/lib/ruby/1.8/webrick/server.rb:173:in `start_thread'
  /usr/lib/ruby/1.8/webrick/server.rb:162:in `start'
  /usr/lib/ruby/1.8/webrick/server.rb:162:in `start_thread'
  /usr/lib/ruby/1.8/webrick/server.rb:95:in `start'
  /usr/lib/ruby/1.8/webrick/server.rb:92:in `each'
  /usr/lib/ruby/1.8/webrick/server.rb:92:in `start'
  /usr/lib/ruby/1.8/webrick/server.rb:23:in `start'
  /usr/lib/ruby/1.8/webrick/server.rb:82:in `start'
  /usr/lib/ruby/vendor_ruby/rack/handler/webrick.rb:13:in `run'

Rendering rescues/layout (not_found)


Processing ApplicationController#index (for 127.0.0.1 at 2016-05-17 20:46:16) [GET]

ActionController::RoutingError (No route matches "/movies" with {:method=>:get}):
  /usr/lib/ruby/vendor_ruby/action_controller/routing/recognition_optimisation.rb:66:in `recognize_path'
  /usr/lib/ruby/vendor_ruby/action_controller/routing/route_set.rb:442:in `recognize'
  /usr/lib/ruby/vendor_ruby/action_controller/routing/route_set.rb:437:in `call'
  /usr/lib/ruby/vendor_ruby/action_controller/dispatcher.rb:87:in `dispatch'
  /usr/lib/ruby/vendor_ruby/action_controller/dispatcher.rb:121:in `_call'
  /usr/lib/ruby/vendor_ruby/action_controller/dispatcher.rb:130:in `build_middleware_stack'
  /usr/lib/ruby/vendor_ruby/active_record/query_cache.rb:29:in `call'
  /usr/lib/ruby/vendor_ruby/active_record/query_cache.rb:29:in `call'
  /usr/lib/ruby/vendor_ruby/active_record/connection_adapters/abstract/query_cache.rb:34:in `cache'
  /usr/lib/ruby/vendor_ruby/active_record/query_cache.rb:9:in `cache'
  /usr/lib/ruby/vendor_ruby/active_record/query_cache.rb:28:in `call'
  /usr/lib/ruby/vendor_ruby/active_record/connection_adapters/abstract/connection_pool.rb:361:in `call'
  /usr/lib/ruby/vendor_ruby/action_controller/string_coercion.rb:25:in `call'
  /usr/lib/ruby/vendor_ruby/rack/head.rb:9:in `call'
  /usr/lib/ruby/vendor_ruby/rack/methodoverride.rb:24:in `call'
  /usr/lib/ruby/vendor_ruby/action_controller/params_parser.rb:15:in `call'
  /usr/lib/ruby/vendor_ruby/action_controller/session/cookie_store.rb:99:in `call'
  /usr/lib/ruby/vendor_ruby/action_controller/failsafe.rb:26:in `call'
  /usr/lib/ruby/vendor_ruby/rack/lock.rb:15:in `call'
  /usr/lib/ruby/vendor_ruby/action_controller/dispatcher.rb:114:in `call'
  /usr/lib/ruby/vendor_ruby/action_controller/reloader.rb:34:in `run'
  /usr/lib/ruby/vendor_ruby/action_controller/dispatcher.rb:108:in `call'
  /usr/lib/ruby/vendor_ruby/rails/rack/static.rb:31:in `call'
  /usr/lib/ruby/vendor_ruby/rack/urlmap.rb:52:in `call'
  /usr/lib/ruby/vendor_ruby/rack/urlmap.rb:46:in `each'
  /usr/lib/ruby/vendor_ruby/rack/urlmap.rb:46:in `call'
  /usr/lib/ruby/vendor_ruby/rails/rack/log_tailer.rb:17:in `call'
  /usr/lib/ruby/vendor_ruby/rack/handler/webrick.rb:59:in `service'
  /usr/lib/ruby/1.8/webrick/httpserver.rb:104:in `service'
  /usr/lib/ruby/1.8/webrick/httpserver.rb:65:in `run'
  /usr/lib/ruby/1.8/webrick/server.rb:173:in `start_thread'
  /usr/lib/ruby/1.8/webrick/server.rb:162:in `start'
  /usr/lib/ruby/1.8/webrick/server.rb:162:in `start_thread'
  /usr/lib/ruby/1.8/webrick/server.rb:95:in `start'
  /usr/lib/ruby/1.8/webrick/server.rb:92:in `each'
  /usr/lib/ruby/1.8/webrick/server.rb:92:in `start'
  /usr/lib/ruby/1.8/webrick/server.rb:23:in `start'
  /usr/lib/ruby/1.8/webrick/server.rb:82:in `start'
  /usr/lib/ruby/vendor_ruby/rack/handler/webrick.rb:13:in `run'

Rendering rescues/layout (not_found)


Processing ApplicationController#index (for 127.0.0.1 at 2016-05-17 20:46:18) [GET]

ActionController::RoutingError (No route matches "/movie" with {:method=>:get}):
  /usr/lib/ruby/vendor_ruby/action_controller/routing/recognition_optimisation.rb:66:in `recognize_path'
  /usr/lib/ruby/vendor_ruby/action_controller/routing/route_set.rb:442:in `recognize'
  /usr/lib/ruby/vendor_ruby/action_controller/routing/route_set.rb:437:in `call'
  /usr/lib/ruby/vendor_ruby/action_controller/dispatcher.rb:87:in `dispatch'
  /usr/lib/ruby/vendor_ruby/action_controller/dispatcher.rb:121:in `_call'
  /usr/lib/ruby/vendor_ruby/action_controller/dispatcher.rb:130:in `build_middleware_stack'
  /usr/lib/ruby/vendor_ruby/active_record/query_cache.rb:29:in `call'
  /usr/lib/ruby/vendor_ruby/active_record/query_cache.rb:29:in `call'
  /usr/lib/ruby/vendor_ruby/active_record/connection_adapters/abstract/query_cache.rb:34:in `cache'
  /usr/lib/ruby/vendor_ruby/active_record/query_cache.rb:9:in `cache'
  /usr/lib/ruby/vendor_ruby/active_record/query_cache.rb:28:in `call'
  /usr/lib/ruby/vendor_ruby/active_record/connection_adapters/abstract/connection_pool.rb:361:in `call'
  /usr/lib/ruby/vendor_ruby/action_controller/string_coercion.rb:25:in `call'
  /usr/lib/ruby/vendor_ruby/rack/head.rb:9:in `call'
  /usr/lib/ruby/vendor_ruby/rack/methodoverride.rb:24:in `call'
  /usr/lib/ruby/vendor_ruby/action_controller/params_parser.rb:15:in `call'
  /usr/lib/ruby/vendor_ruby/action_controller/session/cookie_store.rb:99:in `call'
  /usr/lib/ruby/vendor_ruby/action_controller/failsafe.rb:26:in `call'
  /usr/lib/ruby/vendor_ruby/rack/lock.rb:15:in `call'
  /usr/lib/ruby/vendor_ruby/action_controller/dispatcher.rb:114:in `call'
  /usr/lib/ruby/vendor_ruby/action_controller/reloader.rb:34:in `run'
  /usr/lib/ruby/vendor_ruby/action_controller/dispatcher.rb:108:in `call'
  /usr/lib/ruby/vendor_ruby/rails/rack/static.rb:31:in `call'
  /usr/lib/ruby/vendor_ruby/rack/urlmap.rb:52:in `call'
  /usr/lib/ruby/vendor_ruby/rack/urlmap.rb:46:in `each'
  /usr/lib/ruby/vendor_ruby/rack/urlmap.rb:46:in `call'
  /usr/lib/ruby/vendor_ruby/rails/rack/log_tailer.rb:17:in `call'
  /usr/lib/ruby/vendor_ruby/rack/handler/webrick.rb:59:in `service'
  /usr/lib/ruby/1.8/webrick/httpserver.rb:104:in `service'
  /usr/lib/ruby/1.8/webrick/httpserver.rb:65:in `run'
  /usr/lib/ruby/1.8/webrick/server.rb:173:in `start_thread'
  /usr/lib/ruby/1.8/webrick/server.rb:162:in `start'
  /usr/lib/ruby/1.8/webrick/server.rb:162:in `start_thread'
  /usr/lib/ruby/1.8/webrick/server.rb:95:in `start'
  /usr/lib/ruby/1.8/webrick/server.rb:92:in `each'
  /usr/lib/ruby/1.8/webrick/server.rb:92:in `start'
  /usr/lib/ruby/1.8/webrick/server.rb:23:in `start'
  /usr/lib/ruby/1.8/webrick/server.rb:82:in `start'
  /usr/lib/ruby/vendor_ruby/rack/handler/webrick.rb:13:in `run'

Rendering rescues/layout (not_found)


Processing ApplicationController#index (for 127.0.0.1 at 2016-05-17 20:46:24) [GET]

ActionController::RoutingError (No route matches "/movies" with {:method=>:get}):
  /usr/lib/ruby/vendor_ruby/action_controller/routing/recognition_optimisation.rb:66:in `recognize_path'
  /usr/lib/ruby/vendor_ruby/action_controller/routing/route_set.rb:442:in `recognize'
  /usr/lib/ruby/vendor_ruby/action_controller/routing/route_set.rb:437:in `call'
  /usr/lib/ruby/vendor_ruby/action_controller/dispatcher.rb:87:in `dispatch'
  /usr/lib/ruby/vendor_ruby/action_controller/dispatcher.rb:121:in `_call'
  /usr/lib/ruby/vendor_ruby/action_controller/dispatcher.rb:130:in `build_middleware_stack'
  /usr/lib/ruby/vendor_ruby/active_record/query_cache.rb:29:in `call'
  /usr/lib/ruby/vendor_ruby/active_record/query_cache.rb:29:in `call'
  /usr/lib/ruby/vendor_ruby/active_record/connection_adapters/abstract/query_cache.rb:34:in `cache'
  /usr/lib/ruby/vendor_ruby/active_record/query_cache.rb:9:in `cache'
  /usr/lib/ruby/vendor_ruby/active_record/query_cache.rb:28:in `call'
  /usr/lib/ruby/vendor_ruby/active_record/connection_adapters/abstract/connection_pool.rb:361:in `call'
  /usr/lib/ruby/vendor_ruby/action_controller/string_coercion.rb:25:in `call'
  /usr/lib/ruby/vendor_ruby/rack/head.rb:9:in `call'
  /usr/lib/ruby/vendor_ruby/rack/methodoverride.rb:24:in `call'
  /usr/lib/ruby/vendor_ruby/action_controller/params_parser.rb:15:in `call'
  /usr/lib/ruby/vendor_ruby/action_controller/session/cookie_store.rb:99:in `call'
  /usr/lib/ruby/vendor_ruby/action_controller/failsafe.rb:26:in `call'
  /usr/lib/ruby/vendor_ruby/rack/lock.rb:15:in `call'
  /usr/lib/ruby/vendor_ruby/action_controller/dispatcher.rb:114:in `call'
  /usr/lib/ruby/vendor_ruby/action_controller/reloader.rb:34:in `run'
  /usr/lib/ruby/vendor_ruby/action_controller/dispatcher.rb:108:in `call'
  /usr/lib/ruby/vendor_ruby/rails/rack/static.rb:31:in `call'
  /usr/lib/ruby/vendor_ruby/rack/urlmap.rb:52:in `call'
  /usr/lib/ruby/vendor_ruby/rack/urlmap.rb:46:in `each'
  /usr/lib/ruby/vendor_ruby/rack/urlmap.rb:46:in `call'
  /usr/lib/ruby/vendor_ruby/rails/rack/log_tailer.rb:17:in `call'
  /usr/lib/ruby/vendor_ruby/rack/handler/webrick.rb:59:in `service'
  /usr/lib/ruby/1.8/webrick/httpserver.rb:104:in `service'
  /usr/lib/ruby/1.8/webrick/httpserver.rb:65:in `run'
  /usr/lib/ruby/1.8/webrick/server.rb:173:in `start_thread'
  /usr/lib/ruby/1.8/webrick/server.rb:162:in `start'
  /usr/lib/ruby/1.8/webrick/server.rb:162:in `start_thread'
  /usr/lib/ruby/1.8/webrick/server.rb:95:in `start'
  /usr/lib/ruby/1.8/webrick/server.rb:92:in `each'
  /usr/lib/ruby/1.8/webrick/server.rb:92:in `start'
  /usr/lib/ruby/1.8/webrick/server.rb:23:in `start'
  /usr/lib/ruby/1.8/webrick/server.rb:82:in `start'
  /usr/lib/ruby/vendor_ruby/rack/handler/webrick.rb:13:in `run'

Rendering rescues/layout (not_found)


Processing MymoviesController#index (for 127.0.0.1 at 2016-05-17 20:46:29) [GET]
  [4;36;1mMymovie Load (0.3ms)[0m   [0;1mSELECT * FROM "mymovies" [0m
Rendering template within layouts/mymovies
Rendering mymovies/index
Completed in 34ms (View: 27, DB: 0) | 200 OK [http://localhost/Mymovies]


Processing MymoviesController#new (for 127.0.0.1 at 2016-05-17 20:47:43) [GET]
Rendering template within layouts/mymovies
Rendering mymovies/new
Completed in 71ms (View: 67, DB: 0) | 200 OK [http://localhost/mymovies/new]


Processing MymoviesController#create (for 127.0.0.1 at 2016-05-17 20:47:53) [POST]
  Parameters: {"commit"=>"Create", "authenticity_token"=>"XV8vG7ZiM3JoGeMpNPGyBa69HK7hd7XnxfVFyidIK0M=", "mymovie"=>{"Title"=>"theri", "Rating"=>"4"}}
  [4;35;1mMymovie Create (0.3ms)[0m   [0mINSERT INTO "mymovies" ("updated_at", "Title", "created_at", "Rating") VALUES('2016-05-17 15:17:53', 'theri', '2016-05-17 15:17:53', 4)[0m
Redirected to http://localhost:3000/mymovies/1
Completed in 226ms (DB: 0) | 302 Found [http://localhost/mymovies]


Processing MymoviesController#show (for 127.0.0.1 at 2016-05-17 20:47:53) [GET]
  Parameters: {"id"=>"1"}
  [4;36;1mMymovie Load (0.1ms)[0m   [0;1mSELECT * FROM "mymovies" WHERE ("mymovies"."id" = 1) [0m
Rendering template within layouts/mymovies
Rendering mymovies/show
Completed in 10ms (View: 5, DB: 0) | 200 OK [http://localhost/mymovies/1]


Processing MymoviesController#index (for 127.0.0.1 at 2016-05-17 20:47:55) [GET]
  [4;35;1mMymovie Load (0.3ms)[0m   [0mSELECT * FROM "mymovies" [0m
Rendering template within layouts/mymovies
Rendering mymovies/index
Completed in 10ms (View: 7, DB: 0) | 200 OK [http://localhost/mymovies]


Processing MymoviesController#new (for 127.0.0.1 at 2016-05-17 20:48:40) [GET]
Rendering template within layouts/mymovies
Rendering mymovies/new
Completed in 8ms (View: 5, DB: 0) | 200 OK [http://localhost/mymovies/new]


Processing MymoviesController#create (for 127.0.0.1 at 2016-05-17 20:48:45) [POST]
  Parameters: {"commit"=>"Create", "authenticity_token"=>"XV8vG7ZiM3JoGeMpNPGyBa69HK7hd7XnxfVFyidIK0M=", "mymovie"=>{"Title"=>"a", "Rating"=>"7"}}
  [4;36;1mMymovie Create (0.2ms)[0m   [0;1mINSERT INTO "mymovies" ("updated_at", "Title", "created_at", "Rating") VALUES('2016-05-17 15:18:45', 'a', '2016-05-17 15:18:45', 7)[0m
Redirected to http://localhost:3000/mymovies/2
Completed in 254ms (DB: 0) | 302 Found [http://localhost/mymovies]


Processing MymoviesController#show (for 127.0.0.1 at 2016-05-17 20:48:45) [GET]
  Parameters: {"id"=>"2"}
  [4;35;1mMymovie Load (0.1ms)[0m   [0mSELECT * FROM "mymovies" WHERE ("mymovies"."id" = 2) [0m
Rendering template within layouts/mymovies
Rendering mymovies/show
Completed in 6ms (View: 2, DB: 0) | 200 OK [http://localhost/mymovies/2]


Processing MymoviesController#show (for 127.0.0.1 at 2016-05-17 20:50:49) [GET]
  Parameters: {"id"=>"2"}
  [4;36;1mMymovie Load (0.2ms)[0m   [0;1mSELECT * FROM "mymovies" WHERE ("mymovies"."id" = 2) [0m
Rendering template within layouts/mymovies
Rendering mymovies/show
Completed in 9ms (View: 2, DB: 0) | 200 OK [http://localhost/mymovies/2]


Processing MymoviesController#show (for 127.0.0.1 at 2016-05-17 20:50:53) [GET]
  Parameters: {"id"=>"2"}
  [4;35;1mMymovie Load (0.4ms)[0m   [0mSELECT * FROM "mymovies" WHERE ("mymovies"."id" = 2) [0m
Rendering template within layouts/mymovies
Rendering mymovies/show
Completed in 16ms (View: 4, DB: 0) | 200 OK [http://localhost/mymovies/2]


Processing MymoviesController#show (for 127.0.0.1 at 2016-05-17 20:50:57) [GET]
  Parameters: {"id"=>"1"}
  [4;36;1mMymovie Load (0.1ms)[0m   [0;1mSELECT * FROM "mymovies" WHERE ("mymovies"."id" = 1) [0m
Rendering template within layouts/mymovies
Rendering mymovies/show
Completed in 8ms (View: 2, DB: 0) | 200 OK [http://localhost/mymovies/1]


Processing MymoviesController#show (for 127.0.0.1 at 2016-05-17 20:51:00) [GET]
  Parameters: {"id"=>"2"}
  [4;35;1mMymovie Load (0.1ms)[0m   [0mSELECT * FROM "mymovies" WHERE ("mymovies"."id" = 2) [0m
Rendering template within layouts/mymovies
Rendering mymovies/show
Completed in 7ms (View: 2, DB: 0) | 200 OK [http://localhost/mymovies/2]


Processing MymoviesController#show (for 127.0.0.1 at 2016-05-17 20:51:02) [GET]
  Parameters: {"id"=>"1"}
  [4;36;1mMymovie Load (0.3ms)[0m   [0;1mSELECT * FROM "mymovies" WHERE ("mymovies"."id" = 1) [0m
Rendering template within layouts/mymovies
Rendering mymovies/show
Completed in 6ms (View: 2, DB: 0) | 200 OK [http://localhost/mymovies/1]


Processing MymoviesController#index (for 127.0.0.1 at 2016-05-17 20:51:04) [GET]
  [4;35;1mMymovie Load (0.5ms)[0m   [0mSELECT * FROM "mymovies" [0m
Rendering template within layouts/mymovies
Rendering mymovies/index
Completed in 15ms (View: 10, DB: 0) | 200 OK [http://localhost/mymovies]


Processing MymoviesController#new (for 127.0.0.1 at 2016-05-17 20:51:06) [GET]
Rendering template within layouts/mymovies
Rendering mymovies/new
Completed in 8ms (View: 5, DB: 0) | 200 OK [http://localhost/mymovies/new]


Processing MymoviesController#create (for 127.0.0.1 at 2016-05-17 20:51:10) [POST]
  Parameters: {"commit"=>"Create", "authenticity_token"=>"XV8vG7ZiM3JoGeMpNPGyBa69HK7hd7XnxfVFyidIK0M=", "mymovie"=>{"Title"=>"ad", "Rating"=>"7"}}
  [4;36;1mMymovie Create (0.2ms)[0m   [0;1mINSERT INTO "mymovies" ("updated_at", "Title", "created_at", "Rating") VALUES('2016-05-17 15:21:10', 'ad', '2016-05-17 15:21:10', 7)[0m
Redirected to http://localhost:3000/mymovies/3
Completed in 228ms (DB: 0) | 302 Found [http://localhost/mymovies]


Processing MymoviesController#show (for 127.0.0.1 at 2016-05-17 20:51:10) [GET]
  Parameters: {"id"=>"3"}
  [4;35;1mMymovie Load (0.2ms)[0m   [0mSELECT * FROM "mymovies" WHERE ("mymovies"."id" = 3) [0m
Rendering template within layouts/mymovies
Rendering mymovies/show
Completed in 57ms (View: 2, DB: 0) | 200 OK [http://localhost/mymovies/3]


Processing MymoviesController#index (for 127.0.0.1 at 2016-05-17 20:51:32) [GET]
  [4;36;1mMymovie Load (0.4ms)[0m   [0;1mSELECT * FROM "mymovies" [0m
Rendering template within layouts/mymovies
Rendering mymovies/index
Completed in 12ms (View: 8, DB: 0) | 200 OK [http://localhost/mymovies]


Processing MymoviesController#destroy (for 127.0.0.1 at 2016-05-17 20:51:36) [DELETE]
  Parameters: {"id"=>"3", "authenticity_token"=>"XV8vG7ZiM3JoGeMpNPGyBa69HK7hd7XnxfVFyidIK0M="}
  [4;35;1mMymovie Load (0.2ms)[0m   [0mSELECT * FROM "mymovies" WHERE ("mymovies"."id" = 3) [0m
  [4;36;1mMymovie Destroy (0.4ms)[0m   [0;1mDELETE FROM "mymovies" WHERE "id" = 3[0m
Redirected to http://localhost:3000/mymovies
Completed in 151ms (DB: 1) | 302 Found [http://localhost/mymovies/3]


Processing MymoviesController#index (for 127.0.0.1 at 2016-05-17 20:51:36) [GET]
  [4;35;1mMymovie Load (0.3ms)[0m   [0mSELECT * FROM "mymovies" [0m
Rendering template within layouts/mymovies
Rendering mymovies/index
Completed in 10ms (View: 6, DB: 0) | 200 OK [http://localhost/mymovies]


Processing MymoviesController#destroy (for 127.0.0.1 at 2016-05-17 20:51:39) [DELETE]
  Parameters: {"id"=>"2", "authenticity_token"=>"XV8vG7ZiM3JoGeMpNPGyBa69HK7hd7XnxfVFyidIK0M="}
  [4;36;1mMymovie Load (0.4ms)[0m   [0;1mSELECT * FROM "mymovies" WHERE ("mymovies"."id" = 2) [0m
  [4;35;1mMymovie Destroy (0.4ms)[0m   [0mDELETE FROM "mymovies" WHERE "id" = 2[0m
Redirected to http://localhost:3000/mymovies
Completed in 147ms (DB: 1) | 302 Found [http://localhost/mymovies/2]


Processing MymoviesController#index (for 127.0.0.1 at 2016-05-17 20:51:39) [GET]
  [4;36;1mMymovie Load (0.4ms)[0m   [0;1mSELECT * FROM "mymovies" [0m
Rendering template within layouts/mymovies
Rendering mymovies/index
Completed in 8ms (View: 4, DB: 0) | 200 OK [http://localhost/mymovies]


Processing MymoviesController#index (for 127.0.0.1 at 2016-05-17 20:51:41) [GET]
  [4;35;1mMymovie Load (0.3ms)[0m   [0mSELECT * FROM "mymovies" [0m
Rendering template within layouts/mymovies
Rendering mymovies/index
Completed in 8ms (View: 4, DB: 0) | 200 OK [http://localhost/mymovies]


Processing MymoviesController#index (for 127.0.0.1 at 2016-05-17 20:51:45) [GET]
  [4;36;1mMymovie Load (0.4ms)[0m   [0;1mSELECT * FROM "mymovies" [0m
Rendering template within layouts/mymovies
Rendering mymovies/index
Completed in 82ms (View: 6, DB: 0) | 200 OK [http://localhost/mymovies/]


Processing MymoviesController#new (for 127.0.0.1 at 2016-05-17 20:51:49) [GET]
Rendering template within layouts/mymovies
Rendering mymovies/new
Completed in 9ms (View: 5, DB: 0) | 200 OK [http://localhost/mymovies/new]


Processing MymoviesController#create (for 127.0.0.1 at 2016-05-17 20:51:55) [POST]
  Parameters: {"commit"=>"Create", "authenticity_token"=>"XV8vG7ZiM3JoGeMpNPGyBa69HK7hd7XnxfVFyidIK0M=", "mymovie"=>{"Title"=>"g", "Rating"=>"6"}}
  [4;35;1mMymovie Create (0.5ms)[0m   [0mINSERT INTO "mymovies" ("updated_at", "Title", "created_at", "Rating") VALUES('2016-05-17 15:21:55', 'g', '2016-05-17 15:21:55', 6)[0m
Redirected to http://localhost:3000/mymovies/4
Completed in 1035ms (DB: 1) | 302 Found [http://localhost/mymovies]


Processing MymoviesController#show (for 127.0.0.1 at 2016-05-17 20:51:56) [GET]
  Parameters: {"id"=>"4"}
  [4;36;1mMymovie Load (0.1ms)[0m   [0;1mSELECT * FROM "mymovies" WHERE ("mymovies"."id" = 4) [0m
Rendering template within layouts/mymovies
Rendering mymovies/show
Completed in 6ms (View: 2, DB: 0) | 200 OK [http://localhost/mymovies/4]


Processing MymoviesController#index (for 127.0.0.1 at 2016-05-17 20:51:59) [GET]
  [4;35;1mMymovie Load (0.3ms)[0m   [0mSELECT * FROM "mymovies" [0m
Rendering template within layouts/mymovies
Rendering mymovies/index
Completed in 9ms (View: 6, DB: 0) | 200 OK [http://localhost/mymovies]


Processing MymoviesController#index (for 127.0.0.1 at 2016-05-17 20:54:09) [GET]
  [4;36;1mMymovie Load (0.3ms)[0m   [0;1mSELECT * FROM "mymovies" [0m
Rendering template within layouts/mymovies
Rendering mymovies/index
Completed in 9ms (View: 5, DB: 0) | 200 OK [http://localhost/mymovies]


Processing MymoviesController#index (for 127.0.0.1 at 2016-05-17 20:54:10) [GET]
  [4;35;1mMymovie Load (0.3ms)[0m   [0mSELECT * FROM "mymovies" [0m
Rendering template within layouts/mymovies
Rendering mymovies/index
Completed in 9ms (View: 6, DB: 0) | 200 OK [http://localhost/mymovies]


Processing Rails::InfoController#properties (for 127.0.0.1 at 2016-05-17 20:54:17) [GET]
  [4;36;1mSQL (0.4ms)[0m   [0;1m SELECT name
 FROM sqlite_master
 WHERE type = 'table' AND NOT name = 'sqlite_sequence'
[0m
  [4;35;1mSQL (0.1ms)[0m   [0mSELECT version FROM schema_migrations[0m
Completed in 16ms (View: 2, DB: 1) | 200 OK [http://localhost/rails/info/properties]


Processing MymoviesController#index (for 127.0.0.1 at 2016-05-17 20:54:24) [GET]
  [4;36;1mMymovie Load (0.4ms)[0m   [0;1mSELECT * FROM "mymovies" [0m
Rendering template within layouts/mymovies
Rendering mymovies/index
Completed in 17ms (View: 13, DB: 0) | 200 OK [http://localhost/Mymovies]


Processing MymoviesController#new (for 127.0.0.1 at 2016-05-17 20:54:27) [GET]
Rendering template within layouts/mymovies
Rendering mymovies/new
Completed in 30ms (View: 26, DB: 0) | 200 OK [http://localhost/mymovies/new]


Processing MymoviesController#create (for 127.0.0.1 at 2016-05-17 20:54:34) [POST]
  Parameters: {"commit"=>"Create", "authenticity_token"=>"XV8vG7ZiM3JoGeMpNPGyBa69HK7hd7XnxfVFyidIK0M=", "mymovie"=>{"Title"=>"asa", "Rating"=>"9"}}
Rendering template within layouts/mymovies
Rendering mymovies/new
Completed in 13ms (View: 6, DB: 0) | 200 OK [http://localhost/mymovies]


Processing MymoviesController#create (for 127.0.0.1 at 2016-05-17 20:54:50) [POST]
  Parameters: {"commit"=>"Create", "authenticity_token"=>"XV8vG7ZiM3JoGeMpNPGyBa69HK7hd7XnxfVFyidIK0M=", "mymovie"=>{"Title"=>"toy", "Rating"=>"8"}}
Rendering template within layouts/mymovies
Rendering mymovies/new
Completed in 14ms (View: 6, DB: 0) | 200 OK [http://localhost/mymovies]


Processing MymoviesController#create (for 127.0.0.1 at 2016-05-17 20:54:58) [POST]
  Parameters: {"commit"=>"Create", "authenticity_token"=>"XV8vG7ZiM3JoGeMpNPGyBa69HK7hd7XnxfVFyidIK0M=", "mymovie"=>{"Title"=>"toy", "Rating"=>"8"}}
Rendering template within layouts/mymovies
Rendering mymovies/new
Completed in 67ms (View: 7, DB: 0) | 200 OK [http://localhost/mymovies]


Processing MymoviesController#create (for 127.0.0.1 at 2016-05-17 20:55:00) [POST]
  Parameters: {"commit"=>"Create", "authenticity_token"=>"XV8vG7ZiM3JoGeMpNPGyBa69HK7hd7XnxfVFyidIK0M=", "mymovie"=>{"Title"=>"toy", "Rating"=>"8"}}
Rendering template within layouts/mymovies
Rendering mymovies/new
Completed in 17ms (View: 7, DB: 0) | 200 OK [http://localhost/mymovies]


Processing MymoviesController#create (for 127.0.0.1 at 2016-05-17 20:55:29) [POST]
  Parameters: {"commit"=>"Create", "authenticity_token"=>"XV8vG7ZiM3JoGeMpNPGyBa69HK7hd7XnxfVFyidIK0M=", "mymovie"=>{"Title"=>"toy", "Rating"=>"8"}}
  [4;35;1mMymovie Create (5.6ms)[0m   [0mINSERT INTO "mymovies" ("updated_at", "Title", "created_at", "Rating") VALUES('2016-05-17 15:25:29', 'toy', '2016-05-17 15:25:29', 8)[0m
Redirected to http://localhost:3000/mymovies/5
Completed in 137ms (DB: 6) | 302 Found [http://localhost/mymovies]


Processing MymoviesController#show (for 127.0.0.1 at 2016-05-17 20:55:30) [GET]
  Parameters: {"id"=>"5"}
  [4;36;1mMymovie Load (0.2ms)[0m   [0;1mSELECT * FROM "mymovies" WHERE ("mymovies"."id" = 5) [0m
Rendering template within layouts/mymovies
Rendering mymovies/show
Completed in 7ms (View: 2, DB: 0) | 200 OK [http://localhost/mymovies/5]


Processing MymoviesController#index (for 127.0.0.1 at 2016-05-17 20:55:32) [GET]
  [4;35;1mMymovie Load (0.8ms)[0m   [0mSELECT * FROM "mymovies" [0m
Rendering template within layouts/mymovies
Rendering mymovies/index
Completed in 14ms (View: 9, DB: 1) | 200 OK [http://localhost/mymovies/]


Processing MymoviesController#new (for 127.0.0.1 at 2016-05-17 20:55:35) [GET]
Rendering template within layouts/mymovies
Rendering mymovies/new
Completed in 8ms (View: 5, DB: 0) | 200 OK [http://localhost/mymovies/new]


Processing MymoviesController#create (for 127.0.0.1 at 2016-05-17 20:55:38) [POST]
  Parameters: {"commit"=>"Create", "authenticity_token"=>"XV8vG7ZiM3JoGeMpNPGyBa69HK7hd7XnxfVFyidIK0M=", "mymovie"=>{"Title"=>"", "Rating"=>"7"}}
Rendering template within layouts/mymovies
Rendering mymovies/new
Completed in 67ms (View: 63, DB: 0) | 200 OK [http://localhost/mymovies]


Processing MymoviesController#create (for 127.0.0.1 at 2016-05-17 20:55:48) [POST]
  Parameters: {"commit"=>"Create", "authenticity_token"=>"XV8vG7ZiM3JoGeMpNPGyBa69HK7hd7XnxfVFyidIK0M=", "mymovie"=>{"Title"=>"dfe", "Rating"=>"7"}}
  [4;36;1mMymovie Create (0.3ms)[0m   [0;1mINSERT INTO "mymovies" ("updated_at", "Title", "created_at", "Rating") VALUES('2016-05-17 15:25:48', 'dfe', '2016-05-17 15:25:48', 7)[0m
Redirected to http://localhost:3000/mymovies/6
Completed in 226ms (DB: 0) | 302 Found [http://localhost/mymovies]


Processing MymoviesController#show (for 127.0.0.1 at 2016-05-17 20:55:48) [GET]
  Parameters: {"id"=>"6"}
  [4;35;1mMymovie Load (0.1ms)[0m   [0mSELECT * FROM "mymovies" WHERE ("mymovies"."id" = 6) [0m
Rendering template within layouts/mymovies
Rendering mymovies/show
Completed in 6ms (View: 2, DB: 0) | 200 OK [http://localhost/mymovies/6]


Processing MymoviesController#index (for 127.0.0.1 at 2016-05-17 20:55:57) [GET]
  [4;36;1mMymovie Load (0.4ms)[0m   [0;1mSELECT * FROM "mymovies" [0m
Rendering template within layouts/mymovies
Rendering mymovies/index
Completed in 13ms (View: 9, DB: 0) | 200 OK [http://localhost/mymovies]


Processing MymoviesController#new (for 127.0.0.1 at 2016-05-17 20:56:50) [GET]
Rendering template within layouts/mymovies
Rendering mymovies/new
Completed in 8ms (View: 5, DB: 0) | 200 OK [http://localhost/mymovies/new]


Processing MymoviesController#create (for 127.0.0.1 at 2016-05-17 20:56:54) [POST]
  Parameters: {"commit"=>"Create", "authenticity_token"=>"XV8vG7ZiM3JoGeMpNPGyBa69HK7hd7XnxfVFyidIK0M=", "mymovie"=>{"Title"=>"", "Rating"=>"10"}}
Rendering template within layouts/mymovies
Rendering mymovies/new
Completed in 14ms (View: 9, DB: 0) | 200 OK [http://localhost/mymovies]
