2016-03-01T21:20:18 Checking update-file '/usr/share/kde4/apps/kconf_update/kate-2.4.upd' for new updates
2016-03-01T21:20:18 kate-2.4.upd: Found new update 'kate2.4'
2016-03-01T21:20:18 kate-2.4.upd: Updating katerc:Filelist:Sort Type to ''
2016-03-01T21:20:18 kate-2.4.upd: Removing katerc:General:Sort Type of File List, moved.
2016-03-01T21:20:18 Checking update-file '/usr/share/kde4/apps/kconf_update/kio_help.upd' for new updates
2016-03-01T21:20:18 kio_help.upd: Found new update 'kde3_2'
2016-03-01T21:20:18 kio_help.upd: Running script 'move_kio_help_cache.sh'
2016-03-01T21:20:18 [Script] mv: cannot stat `/home/vijay/.kde/share/apps/kio_help/cache': No such file or directory
2016-03-01T21:20:18 [Script] rmdir: failed to remove `/home/vijay/.kde/share/apps/kio_help': No such file or directory
2016-03-01T21:20:18 Checking update-file '/usr/share/kde4/apps/kconf_update/kuriikwsfilter.upd' for new updates
2016-03-01T21:20:18 kuriikwsfilter.upd: Found new update 'post-kde3.1/cvs'
2016-03-01T21:20:18 kuriikwsfilter.upd: File 'kuriikwsfilterrc' does not exist or empty, skipping
2016-03-01T21:20:18 Checking update-file '/usr/share/kde4/apps/kconf_update/kioslave.upd' for new updates
2016-03-01T21:20:18 kioslave.upd: Found new update 'kde2.2/r1'
2016-03-01T21:20:18 kioslave.upd: File 'kioslaverc' does not exist or empty, skipping
2016-03-01T21:20:18 kioslave.upd: Skipping update 'kde2.2/r1'
2016-03-01T21:20:18 kioslave.upd: File 'kioslaverc' does not exist or empty, skipping
2016-03-01T21:20:18 kioslave.upd: Found new update 'kde2.2/r2'
2016-03-01T21:20:18 kioslave.upd: File 'kioslaverc' does not exist or empty, skipping
2016-03-01T21:20:18 kioslave.upd: Found new update 'kde2.2/r3'
2016-03-01T21:20:18 kioslave.upd: File 'kioslaverc' does not exist or empty, skipping
2016-03-01T21:20:18 Checking update-file '/usr/share/kde4/apps/kconf_update/kcookiescfg.upd' for new updates
2016-03-01T21:20:18 kcookiescfg.upd: Found new update 'kde2.2/b1'
2016-03-01T21:20:18 kcookiescfg.upd: File 'kcookiejarrc' does not exist or empty, skipping
2016-03-01T21:20:18 kcookiescfg.upd: Found new update 'kde3.1/cvs'
2016-03-01T21:20:18 kcookiescfg.upd: File 'kcookiejarrc' does not exist or empty, skipping
2016-03-01T21:20:18 Checking update-file '/usr/share/kde4/apps/kconf_update/ksslcertificatemanager.upd' for new updates
2016-03-01T21:20:18 ksslcertificatemanager.upd: Found new update 'kde4.2'
2016-03-01T21:20:18 ksslcertificatemanager.upd: Running script 'ksslcertificatemanager.upd.sh'
2016-03-01T21:20:18 [Script] rm: cannot remove `/home/vijay/.kde//share/config/ksslcertificatemanager': No such file or directory
2016-03-01T21:20:18 ksslcertificatemanager.upd: !! An error occurred while running 'sh /usr/share/kde4/apps/kconf_update/ksslcertificatemanager.upd.sh'
2016-03-01T21:20:18 Checking update-file '/usr/share/kde4/apps/kconf_update/devicepreference.upd' for new updates
2016-03-01T21:20:18 devicepreference.upd: Found new update 'DevicesMovedToPlatformPlugin'
2016-03-01T21:20:18 devicepreference.upd: Running script 'phonon_devicepreference_update'
2016-03-01T21:20:18 devicepreference.upd: Found new update 'DevicesUIDsChanged'
2016-03-01T21:20:18 devicepreference.upd: Running script 'phonon_deviceuids_update'
2016-03-01T21:20:19 Checking update-file '/usr/share/kde4/apps/kconf_update/nepomukstrigiservice-migrate.upd' for new updates
2016-03-01T21:20:19 nepomukstrigiservice-migrate.upd: Found new update 'nepomukstrigiservice-migrate'
2016-03-01T21:20:19 nepomukstrigiservice-migrate.upd: File 'nepomukserverrc' does not exist or empty, skipping
2016-03-01T21:20:19 Checking update-file '/usr/share/kde4/apps/kconf_update/kded.upd' for new updates
2016-03-01T21:20:19 kded.upd: Found new update 'kde3.0'
2016-03-01T21:20:19 kded.upd: File 'kdedrc' does not exist or empty, skipping
